0 info it worked if it ends with ok
1 verbose cli [ 'C:\\Programy\\nodejs\\node.exe',
1 verbose cli   'C:\\Users\\Kuba\\AppData\\Roaming\\npm\\node_modules\\npm\\bin\\npm-cli.js',
1 verbose cli   'install',
1 verbose cli   '--save-dev',
1 verbose cli   'eslint-config-airbnb',
1 verbose cli   'eslint@#.#.#',
1 verbose cli   'eslint-plugin-jsx-a11y@#.#.#',
1 verbose cli   'eslint-plugin-import@#.#.#',
1 verbose cli   'eslint-plugin-react@#.#.#' ]
2 info using npm@4.0.2
3 info using node@v6.9.2
4 silly loadCurrentTree Starting
5 silly install loadCurrentTree
6 silly install readLocalPackageData
7 silly fetchPackageMetaData eslint-config-airbnb@^14.0.0
8 silly fetchPackageMetaData eslint@#.#.#
9 silly fetchPackageMetaData eslint-plugin-jsx-a11y@#.#.#
10 silly fetchPackageMetaData eslint-plugin-import@#.#.#
11 silly fetchPackageMetaData eslint-plugin-react@#.#.#
12 silly fetchNamedPackageData eslint-config-airbnb
13 silly mapToRegistry name eslint-config-airbnb
14 silly mapToRegistry using default registry
15 silly mapToRegistry registry https://registry.npmjs.org/
16 silly mapToRegistry data Result {
16 silly mapToRegistry   raw: 'eslint-config-airbnb',
16 silly mapToRegistry   scope: null,
16 silly mapToRegistry   escapedName: 'eslint-config-airbnb',
16 silly mapToRegistry   name: 'eslint-config-airbnb',
16 silly mapToRegistry   rawSpec: '',
16 silly mapToRegistry   spec: 'latest',
16 silly mapToRegistry   type: 'tag' }
17 silly mapToRegistry uri https://registry.npmjs.org/eslint-config-airbnb
18 silly fetchNamedPackageData eslint
19 silly mapToRegistry name eslint
20 silly mapToRegistry using default registry
21 silly mapToRegistry registry https://registry.npmjs.org/
22 silly mapToRegistry data Result {
22 silly mapToRegistry   raw: 'eslint',
22 silly mapToRegistry   scope: null,
22 silly mapToRegistry   escapedName: 'eslint',
22 silly mapToRegistry   name: 'eslint',
22 silly mapToRegistry   rawSpec: '',
22 silly mapToRegistry   spec: 'latest',
22 silly mapToRegistry   type: 'tag' }
23 silly mapToRegistry uri https://registry.npmjs.org/eslint
24 silly fetchNamedPackageData eslint-plugin-jsx-a11y
25 silly mapToRegistry name eslint-plugin-jsx-a11y
26 silly mapToRegistry using default registry
27 silly mapToRegistry registry https://registry.npmjs.org/
28 silly mapToRegistry data Result {
28 silly mapToRegistry   raw: 'eslint-plugin-jsx-a11y',
28 silly mapToRegistry   scope: null,
28 silly mapToRegistry   escapedName: 'eslint-plugin-jsx-a11y',
28 silly mapToRegistry   name: 'eslint-plugin-jsx-a11y',
28 silly mapToRegistry   rawSpec: '',
28 silly mapToRegistry   spec: 'latest',
28 silly mapToRegistry   type: 'tag' }
29 silly mapToRegistry uri https://registry.npmjs.org/eslint-plugin-jsx-a11y
30 silly fetchNamedPackageData eslint-plugin-import
31 silly mapToRegistry name eslint-plugin-import
32 silly mapToRegistry using default registry
33 silly mapToRegistry registry https://registry.npmjs.org/
34 silly mapToRegistry data Result {
34 silly mapToRegistry   raw: 'eslint-plugin-import',
34 silly mapToRegistry   scope: null,
34 silly mapToRegistry   escapedName: 'eslint-plugin-import',
34 silly mapToRegistry   name: 'eslint-plugin-import',
34 silly mapToRegistry   rawSpec: '',
34 silly mapToRegistry   spec: 'latest',
34 silly mapToRegistry   type: 'tag' }
35 silly mapToRegistry uri https://registry.npmjs.org/eslint-plugin-import
36 silly fetchNamedPackageData eslint-plugin-react
37 silly mapToRegistry name eslint-plugin-react
38 silly mapToRegistry using default registry
39 silly mapToRegistry registry https://registry.npmjs.org/
40 silly mapToRegistry data Result {
40 silly mapToRegistry   raw: 'eslint-plugin-react',
40 silly mapToRegistry   scope: null,
40 silly mapToRegistry   escapedName: 'eslint-plugin-react',
40 silly mapToRegistry   name: 'eslint-plugin-react',
40 silly mapToRegistry   rawSpec: '',
40 silly mapToRegistry   spec: 'latest',
40 silly mapToRegistry   type: 'tag' }
41 silly mapToRegistry uri https://registry.npmjs.org/eslint-plugin-react
42 verbose request uri https://registry.npmjs.org/eslint-config-airbnb
43 verbose request no auth needed
44 info attempt registry request try #1 at 19:12:51
45 verbose request id ea3866b265f81d25
46 verbose etag W/"5891258d-12282"
47 verbose lastModified Wed, 01 Feb 2017 00:02:21 GMT
48 http request GET https://registry.npmjs.org/eslint-config-airbnb
49 verbose request uri https://registry.npmjs.org/eslint-plugin-jsx-a11y
50 verbose request no auth needed
51 info attempt registry request try #1 at 19:12:51
52 verbose etag W/"587ed150-1aafe"
53 verbose lastModified Wed, 18 Jan 2017 02:22:08 GMT
54 http request GET https://registry.npmjs.org/eslint-plugin-jsx-a11y
55 verbose request uri https://registry.npmjs.org/eslint
56 verbose request no auth needed
57 info attempt registry request try #1 at 19:12:51
58 verbose etag W/"589169e0-66484"
59 verbose lastModified Wed, 01 Feb 2017 04:53:52 GMT
60 http request GET https://registry.npmjs.org/eslint
61 verbose request uri https://registry.npmjs.org/eslint-plugin-import
62 verbose request no auth needed
63 info attempt registry request try #1 at 19:12:51
64 verbose etag W/"588658de-2ca93"
65 verbose lastModified Mon, 23 Jan 2017 19:26:22 GMT
66 http request GET https://registry.npmjs.org/eslint-plugin-import
67 verbose request uri https://registry.npmjs.org/eslint-plugin-react
68 verbose request no auth needed
69 info attempt registry request try #1 at 19:12:51
70 verbose etag W/"588fac60-29f95"
71 verbose lastModified Mon, 30 Jan 2017 21:13:04 GMT
72 http request GET https://registry.npmjs.org/eslint-plugin-react
73 http 304 https://registry.npmjs.org/eslint-plugin-jsx-a11y
74 verbose headers { date: 'Wed, 01 Feb 2017 18:12:53 GMT',
74 verbose headers   via: '1.1 varnish',
74 verbose headers   'cache-control': 'max-age=300',
74 verbose headers   etag: 'W/"587ed150-1aafe"',
74 verbose headers   age: '16',
74 verbose headers   connection: 'keep-alive',
74 verbose headers   'x-served-by': 'cache-fra1224-FRA',
74 verbose headers   'x-cache': 'HIT',
74 verbose headers   'x-cache-hits': '1',
74 verbose headers   'x-timer': 'S1485972773.488648,VS0,VE0',
74 verbose headers   vary: 'Accept-Encoding' }
75 silly get cb [ 304,
75 silly get   { date: 'Wed, 01 Feb 2017 18:12:53 GMT',
75 silly get     via: '1.1 varnish',
75 silly get     'cache-control': 'max-age=300',
75 silly get     etag: 'W/"587ed150-1aafe"',
75 silly get     age: '16',
75 silly get     connection: 'keep-alive',
75 silly get     'x-served-by': 'cache-fra1224-FRA',
75 silly get     'x-cache': 'HIT',
75 silly get     'x-cache-hits': '1',
75 silly get     'x-timer': 'S1485972773.488648,VS0,VE0',
75 silly get     vary: 'Accept-Encoding' } ]
76 verbose etag https://registry.npmjs.org/eslint-plugin-jsx-a11y from cache
77 verbose get saving eslint-plugin-jsx-a11y to C:\Users\Kuba\AppData\Roaming\npm-cache\registry.npmjs.org\eslint-plugin-jsx-a11y\.cache.json
78 verbose correctMkdir C:\Users\Kuba\AppData\Roaming\npm-cache correctMkdir not in flight; initializing
79 http 304 https://registry.npmjs.org/eslint-config-airbnb
80 verbose headers { date: 'Wed, 01 Feb 2017 18:12:53 GMT',
80 verbose headers   via: '1.1 varnish',
80 verbose headers   'cache-control': 'max-age=300',
80 verbose headers   etag: 'W/"5891258d-12282"',
80 verbose headers   age: '167',
80 verbose headers   connection: 'keep-alive',
80 verbose headers   'x-served-by': 'cache-fra1222-FRA',
80 verbose headers   'x-cache': 'HIT',
80 verbose headers   'x-cache-hits': '1',
80 verbose headers   'x-timer': 'S1485972773.489294,VS0,VE0',
80 verbose headers   vary: 'Accept-Encoding' }
81 silly get cb [ 304,
81 silly get   { date: 'Wed, 01 Feb 2017 18:12:53 GMT',
81 silly get     via: '1.1 varnish',
81 silly get     'cache-control': 'max-age=300',
81 silly get     etag: 'W/"5891258d-12282"',
81 silly get     age: '167',
81 silly get     connection: 'keep-alive',
81 silly get     'x-served-by': 'cache-fra1222-FRA',
81 silly get     'x-cache': 'HIT',
81 silly get     'x-cache-hits': '1',
81 silly get     'x-timer': 'S1485972773.489294,VS0,VE0',
81 silly get     vary: 'Accept-Encoding' } ]
82 verbose etag https://registry.npmjs.org/eslint-config-airbnb from cache
83 verbose get saving eslint-config-airbnb to C:\Users\Kuba\AppData\Roaming\npm-cache\registry.npmjs.org\eslint-config-airbnb\.cache.json
84 verbose correctMkdir C:\Users\Kuba\AppData\Roaming\npm-cache correctMkdir already in flight; waiting
85 http 304 https://registry.npmjs.org/eslint-plugin-import
86 verbose headers { date: 'Wed, 01 Feb 2017 18:12:53 GMT',
86 verbose headers   via: '1.1 varnish',
86 verbose headers   'cache-control': 'max-age=300',
86 verbose headers   etag: 'W/"588658de-2ca93"',
86 verbose headers   age: '97',
86 verbose headers   connection: 'keep-alive',
86 verbose headers   'x-served-by': 'cache-fra1241-FRA',
86 verbose headers   'x-cache': 'HIT',
86 verbose headers   'x-cache-hits': '1',
86 verbose headers   'x-timer': 'S1485972773.495998,VS0,VE0',
86 verbose headers   vary: 'Accept-Encoding' }
87 silly get cb [ 304,
87 silly get   { date: 'Wed, 01 Feb 2017 18:12:53 GMT',
87 silly get     via: '1.1 varnish',
87 silly get     'cache-control': 'max-age=300',
87 silly get     etag: 'W/"588658de-2ca93"',
87 silly get     age: '97',
87 silly get     connection: 'keep-alive',
87 silly get     'x-served-by': 'cache-fra1241-FRA',
87 silly get     'x-cache': 'HIT',
87 silly get     'x-cache-hits': '1',
87 silly get     'x-timer': 'S1485972773.495998,VS0,VE0',
87 silly get     vary: 'Accept-Encoding' } ]
88 verbose etag https://registry.npmjs.org/eslint-plugin-import from cache
89 verbose get saving eslint-plugin-import to C:\Users\Kuba\AppData\Roaming\npm-cache\registry.npmjs.org\eslint-plugin-import\.cache.json
90 verbose correctMkdir C:\Users\Kuba\AppData\Roaming\npm-cache correctMkdir not in flight; initializing
91 silly fetchNamedPackageData No valid target from cache, forcing network
92 verbose request uri https://registry.npmjs.org/eslint-plugin-jsx-a11y
93 verbose request no auth needed
94 info attempt registry request try #1 at 19:12:51
95 http request GET https://registry.npmjs.org/eslint-plugin-jsx-a11y
96 silly fetchNamedPackageData No valid target from cache, forcing network
97 verbose request uri https://registry.npmjs.org/eslint-plugin-import
98 verbose request no auth needed
99 info attempt registry request try #1 at 19:12:51
100 http request GET https://registry.npmjs.org/eslint-plugin-import
101 http 304 https://registry.npmjs.org/eslint
102 verbose headers { date: 'Wed, 01 Feb 2017 18:12:53 GMT',
102 verbose headers   via: '1.1 varnish',
102 verbose headers   'cache-control': 'max-age=300',
102 verbose headers   etag: 'W/"589169e0-66484"',
102 verbose headers   age: '278',
102 verbose headers   connection: 'keep-alive',
102 verbose headers   'x-served-by': 'cache-fra1249-FRA',
102 verbose headers   'x-cache': 'HIT',
102 verbose headers   'x-cache-hits': '3',
102 verbose headers   'x-timer': 'S1485972773.515527,VS0,VE0',
102 verbose headers   vary: 'Accept-Encoding' }
103 silly get cb [ 304,
103 silly get   { date: 'Wed, 01 Feb 2017 18:12:53 GMT',
103 silly get     via: '1.1 varnish',
103 silly get     'cache-control': 'max-age=300',
103 silly get     etag: 'W/"589169e0-66484"',
103 silly get     age: '278',
103 silly get     connection: 'keep-alive',
103 silly get     'x-served-by': 'cache-fra1249-FRA',
103 silly get     'x-cache': 'HIT',
103 silly get     'x-cache-hits': '3',
103 silly get     'x-timer': 'S1485972773.515527,VS0,VE0',
103 silly get     vary: 'Accept-Encoding' } ]
104 verbose etag https://registry.npmjs.org/eslint from cache
105 verbose get saving eslint to C:\Users\Kuba\AppData\Roaming\npm-cache\registry.npmjs.org\eslint\.cache.json
106 verbose correctMkdir C:\Users\Kuba\AppData\Roaming\npm-cache correctMkdir not in flight; initializing
107 http 304 https://registry.npmjs.org/eslint-plugin-react
108 verbose headers { date: 'Wed, 01 Feb 2017 18:12:53 GMT',
108 verbose headers   via: '1.1 varnish',
108 verbose headers   'cache-control': 'max-age=300',
108 verbose headers   etag: 'W/"588fac60-29f95"',
108 verbose headers   age: '268',
108 verbose headers   connection: 'keep-alive',
108 verbose headers   'x-served-by': 'cache-fra1236-FRA',
108 verbose headers   'x-cache': 'HIT',
108 verbose headers   'x-cache-hits': '2',
108 verbose headers   'x-timer': 'S1485972773.523043,VS0,VE0',
108 verbose headers   vary: 'Accept-Encoding' }
109 silly get cb [ 304,
109 silly get   { date: 'Wed, 01 Feb 2017 18:12:53 GMT',
109 silly get     via: '1.1 varnish',
109 silly get     'cache-control': 'max-age=300',
109 silly get     etag: 'W/"588fac60-29f95"',
109 silly get     age: '268',
109 silly get     connection: 'keep-alive',
109 silly get     'x-served-by': 'cache-fra1236-FRA',
109 silly get     'x-cache': 'HIT',
109 silly get     'x-cache-hits': '2',
109 silly get     'x-timer': 'S1485972773.523043,VS0,VE0',
109 silly get     vary: 'Accept-Encoding' } ]
110 verbose etag https://registry.npmjs.org/eslint-plugin-react from cache
111 verbose get saving eslint-plugin-react to C:\Users\Kuba\AppData\Roaming\npm-cache\registry.npmjs.org\eslint-plugin-react\.cache.json
112 verbose correctMkdir C:\Users\Kuba\AppData\Roaming\npm-cache correctMkdir not in flight; initializing
113 silly fetchNamedPackageData No valid target from cache, forcing network
114 verbose request uri https://registry.npmjs.org/eslint
115 verbose request no auth needed
116 info attempt registry request try #1 at 19:12:51
117 http request GET https://registry.npmjs.org/eslint
118 silly fetchNamedPackageData No valid target from cache, forcing network
119 verbose request uri https://registry.npmjs.org/eslint-plugin-react
120 verbose request no auth needed
121 info attempt registry request try #1 at 19:12:51
122 http request GET https://registry.npmjs.org/eslint-plugin-react
123 http 200 https://registry.npmjs.org/eslint-plugin-jsx-a11y
124 verbose headers { server: 'nginx/1.10.1',
124 verbose headers   'content-type': 'application/json',
124 verbose headers   'last-modified': 'Wed, 18 Jan 2017 02:22:08 GMT',
124 verbose headers   etag: 'W/"587ed150-1aafe"',
124 verbose headers   'content-encoding': 'gzip',
124 verbose headers   'cache-control': 'max-age=300',
124 verbose headers   'content-length': '10111',
124 verbose headers   'accept-ranges': 'bytes',
124 verbose headers   date: 'Wed, 01 Feb 2017 18:12:53 GMT',
124 verbose headers   via: '1.1 varnish',
124 verbose headers   age: '16',
124 verbose headers   connection: 'keep-alive',
124 verbose headers   'x-served-by': 'cache-fra1224-FRA',
124 verbose headers   'x-cache': 'HIT',
124 verbose headers   'x-cache-hits': '2',
124 verbose headers   'x-timer': 'S1485972773.568546,VS0,VE0',
124 verbose headers   vary: 'Accept-Encoding' }
125 silly get cb [ 200,
125 silly get   { server: 'nginx/1.10.1',
125 silly get     'content-type': 'application/json',
125 silly get     'last-modified': 'Wed, 18 Jan 2017 02:22:08 GMT',
125 silly get     etag: 'W/"587ed150-1aafe"',
125 silly get     'content-encoding': 'gzip',
125 silly get     'cache-control': 'max-age=300',
125 silly get     'content-length': '10111',
125 silly get     'accept-ranges': 'bytes',
125 silly get     date: 'Wed, 01 Feb 2017 18:12:53 GMT',
125 silly get     via: '1.1 varnish',
125 silly get     age: '16',
125 silly get     connection: 'keep-alive',
125 silly get     'x-served-by': 'cache-fra1224-FRA',
125 silly get     'x-cache': 'HIT',
125 silly get     'x-cache-hits': '2',
125 silly get     'x-timer': 'S1485972773.568546,VS0,VE0',
125 silly get     vary: 'Accept-Encoding' } ]
126 verbose get saving eslint-plugin-jsx-a11y to C:\Users\Kuba\AppData\Roaming\npm-cache\registry.npmjs.org\eslint-plugin-jsx-a11y\.cache.json
127 verbose correctMkdir C:\Users\Kuba\AppData\Roaming\npm-cache correctMkdir not in flight; initializing
128 silly fetchPackageMetaData Error: No compatible version found: eslint-plugin-jsx-a11y@#.#.#
128 silly fetchPackageMetaData Valid install targets:
128 silly fetchPackageMetaData 3.0.2, 3.0.1, 2.2.3, 2.2.2, 2.2.1, 2.2.0, 2.1.0, 2.0.1, 2.0.0, 1.5.5, 1.5.4, 1.5.3, 1.5.2, 1.5.1, 1.5.0, 1.4.2, 1.4.1, 1.4.0, 1.3.0, 1.2.3, 1.2.2, 1.2.1, 1.2.0, 1.1.0, 1.0.4, 1.0.3, 1.0.2, 1.0.1, 1.0.0, 0.6.2, 0.6.1, 0.6.0, 0.5.4, 0.5.3, 0.5.2, 0.5.1, 0.5.0, 0.4.3, 0.4.2, 0.4.1, 0.4.0, 0.3.1, 0.3.0, 0.2.2, 0.2.1, 0.2.0, 0.1.2, 0.1.1, 0.1.0, 0.0.2, 0.0.1
128 silly fetchPackageMetaData
128 silly fetchPackageMetaData     at pickVersionFromRegistryDocument (C:\Users\Kuba\AppData\Roaming\npm\node_modules\npm\lib\fetch-package-metadata.js:178:16)
128 silly fetchPackageMetaData     at C:\Users\Kuba\AppData\Roaming\npm\node_modules\npm\node_modules\iferr\index.js:13:50
128 silly fetchPackageMetaData     at C:\Users\Kuba\AppData\Roaming\npm\node_modules\npm\lib\utils\pulse-till-done.js:20:8
128 silly fetchPackageMetaData     at saved (C:\Users\Kuba\AppData\Roaming\npm\node_modules\npm\lib\cache\caching-client.js:174:7)
128 silly fetchPackageMetaData     at C:\Users\Kuba\AppData\Roaming\npm\node_modules\npm\node_modules\graceful-fs\polyfills.js:253:18
128 silly fetchPackageMetaData     at FSReqWrap.oncomplete (fs.js:123:15)
128 silly fetchPackageMetaData  error for eslint-plugin-jsx-a11y@#.#.# { Error: No compatible version found: eslint-plugin-jsx-a11y@#.#.#
128 silly fetchPackageMetaData Valid install targets:
128 silly fetchPackageMetaData 3.0.2, 3.0.1, 2.2.3, 2.2.2, 2.2.1, 2.2.0, 2.1.0, 2.0.1, 2.0.0, 1.5.5, 1.5.4, 1.5.3, 1.5.2, 1.5.1, 1.5.0, 1.4.2, 1.4.1, 1.4.0, 1.3.0, 1.2.3, 1.2.2, 1.2.1, 1.2.0, 1.1.0, 1.0.4, 1.0.3, 1.0.2, 1.0.1, 1.0.0, 0.6.2, 0.6.1, 0.6.0, 0.5.4, 0.5.3, 0.5.2, 0.5.1, 0.5.0, 0.4.3, 0.4.2, 0.4.1, 0.4.0, 0.3.1, 0.3.0, 0.2.2, 0.2.1, 0.2.0, 0.1.2, 0.1.1, 0.1.0, 0.0.2, 0.0.1
128 silly fetchPackageMetaData
128 silly fetchPackageMetaData     at pickVersionFromRegistryDocument (C:\Users\Kuba\AppData\Roaming\npm\node_modules\npm\lib\fetch-package-metadata.js:178:16)
128 silly fetchPackageMetaData     at C:\Users\Kuba\AppData\Roaming\npm\node_modules\npm\node_modules\iferr\index.js:13:50
128 silly fetchPackageMetaData     at C:\Users\Kuba\AppData\Roaming\npm\node_modules\npm\lib\utils\pulse-till-done.js:20:8
128 silly fetchPackageMetaData     at saved (C:\Users\Kuba\AppData\Roaming\npm\node_modules\npm\lib\cache\caching-client.js:174:7)
128 silly fetchPackageMetaData     at C:\Users\Kuba\AppData\Roaming\npm\node_modules\npm\node_modules\graceful-fs\polyfills.js:253:18
128 silly fetchPackageMetaData     at FSReqWrap.oncomplete (fs.js:123:15) code: 'ETARGET' }
129 http 200 https://registry.npmjs.org/eslint-plugin-import
130 verbose headers { server: 'nginx/1.10.1',
130 verbose headers   'content-type': 'application/json',
130 verbose headers   'last-modified': 'Mon, 23 Jan 2017 19:26:22 GMT',
130 verbose headers   etag: 'W/"588658de-2ca93"',
130 verbose headers   'content-encoding': 'gzip',
130 verbose headers   'cache-control': 'max-age=300',
130 verbose headers   'content-length': '17161',
130 verbose headers   'accept-ranges': 'bytes',
130 verbose headers   date: 'Wed, 01 Feb 2017 18:12:53 GMT',
130 verbose headers   via: '1.1 varnish',
130 verbose headers   age: '97',
130 verbose headers   connection: 'keep-alive',
130 verbose headers   'x-served-by': 'cache-fra1222-FRA',
130 verbose headers   'x-cache': 'HIT',
130 verbose headers   'x-cache-hits': '1',
130 verbose headers   'x-timer': 'S1485972773.569267,VS0,VE0',
130 verbose headers   vary: 'Accept-Encoding' }
131 silly get cb [ 200,
131 silly get   { server: 'nginx/1.10.1',
131 silly get     'content-type': 'application/json',
131 silly get     'last-modified': 'Mon, 23 Jan 2017 19:26:22 GMT',
131 silly get     etag: 'W/"588658de-2ca93"',
131 silly get     'content-encoding': 'gzip',
131 silly get     'cache-control': 'max-age=300',
131 silly get     'content-length': '17161',
131 silly get     'accept-ranges': 'bytes',
131 silly get     date: 'Wed, 01 Feb 2017 18:12:53 GMT',
131 silly get     via: '1.1 varnish',
131 silly get     age: '97',
131 silly get     connection: 'keep-alive',
131 silly get     'x-served-by': 'cache-fra1222-FRA',
131 silly get     'x-cache': 'HIT',
131 silly get     'x-cache-hits': '1',
131 silly get     'x-timer': 'S1485972773.569267,VS0,VE0',
131 silly get     vary: 'Accept-Encoding' } ]
132 verbose get saving eslint-plugin-import to C:\Users\Kuba\AppData\Roaming\npm-cache\registry.npmjs.org\eslint-plugin-import\.cache.json
133 verbose correctMkdir C:\Users\Kuba\AppData\Roaming\npm-cache correctMkdir not in flight; initializing
134 silly fetchPackageMetaData Error: No compatible version found: eslint-plugin-import@#.#.#
134 silly fetchPackageMetaData Valid install targets:
134 silly fetchPackageMetaData 2.2.0, 2.1.0, 2.0.1, 2.0.0, 2.0.0-beta.1, 2.0.0-beta.0, 1.16.0, 1.15.0, 1.14.0, 1.13.0, 1.12.0, 1.11.1, 1.11.0, 1.10.3, 1.10.2, 1.10.0, 1.9.2, 1.9.1, 1.9.0, 1.8.1, 1.8.0, 1.7.0, 1.6.1, 1.6.0, 1.5.0, 1.4.0, 1.3.0, 1.2.0, 1.1.0, 1.0.4, 1.0.3, 1.0.2, 1.0.1, 1.0.0, 1.0.0-beta.0, 0.13.0, 0.12.1, 0.12.0, 0.11.0, 0.10.1, 0.10.0, 0.9.1, 0.8.1, 0.8.0, 0.7.9, 0.7.8, 0.7.7, 0.7.5, 0.7.4, 0.7.3, 0.7.2, 0.7.1, 0.7.0, 0.6.0, 0.5.2, 0.5.1, 0.4.5, 0.4.4, 0.4.3, 0.4.2, 0.4.1, 0.4.0, 0.3.13, 0.3.12, 0.3.11, 0.3.10, 0.3.9, 0.3.8, 0.3.6, 0.3.5, 0.3.4, 0.3.3, 0.3.2, 0.3.0
134 silly fetchPackageMetaData
134 silly fetchPackageMetaData     at pickVersionFromRegistryDocument (C:\Users\Kuba\AppData\Roaming\npm\node_modules\npm\lib\fetch-package-metadata.js:178:16)
134 silly fetchPackageMetaData     at C:\Users\Kuba\AppData\Roaming\npm\node_modules\npm\node_modules\iferr\index.js:13:50
134 silly fetchPackageMetaData     at C:\Users\Kuba\AppData\Roaming\npm\node_modules\npm\lib\utils\pulse-till-done.js:20:8
134 silly fetchPackageMetaData     at saved (C:\Users\Kuba\AppData\Roaming\npm\node_modules\npm\lib\cache\caching-client.js:174:7)
134 silly fetchPackageMetaData     at C:\Users\Kuba\AppData\Roaming\npm\node_modules\npm\node_modules\graceful-fs\polyfills.js:253:18
134 silly fetchPackageMetaData     at FSReqWrap.oncomplete (fs.js:123:15)
134 silly fetchPackageMetaData  error for eslint-plugin-import@#.#.# { Error: No compatible version found: eslint-plugin-import@#.#.#
134 silly fetchPackageMetaData Valid install targets:
134 silly fetchPackageMetaData 2.2.0, 2.1.0, 2.0.1, 2.0.0, 2.0.0-beta.1, 2.0.0-beta.0, 1.16.0, 1.15.0, 1.14.0, 1.13.0, 1.12.0, 1.11.1, 1.11.0, 1.10.3, 1.10.2, 1.10.0, 1.9.2, 1.9.1, 1.9.0, 1.8.1, 1.8.0, 1.7.0, 1.6.1, 1.6.0, 1.5.0, 1.4.0, 1.3.0, 1.2.0, 1.1.0, 1.0.4, 1.0.3, 1.0.2, 1.0.1, 1.0.0, 1.0.0-beta.0, 0.13.0, 0.12.1, 0.12.0, 0.11.0, 0.10.1, 0.10.0, 0.9.1, 0.8.1, 0.8.0, 0.7.9, 0.7.8, 0.7.7, 0.7.5, 0.7.4, 0.7.3, 0.7.2, 0.7.1, 0.7.0, 0.6.0, 0.5.2, 0.5.1, 0.4.5, 0.4.4, 0.4.3, 0.4.2, 0.4.1, 0.4.0, 0.3.13, 0.3.12, 0.3.11, 0.3.10, 0.3.9, 0.3.8, 0.3.6, 0.3.5, 0.3.4, 0.3.3, 0.3.2, 0.3.0
134 silly fetchPackageMetaData
134 silly fetchPackageMetaData     at pickVersionFromRegistryDocument (C:\Users\Kuba\AppData\Roaming\npm\node_modules\npm\lib\fetch-package-metadata.js:178:16)
134 silly fetchPackageMetaData     at C:\Users\Kuba\AppData\Roaming\npm\node_modules\npm\node_modules\iferr\index.js:13:50
134 silly fetchPackageMetaData     at C:\Users\Kuba\AppData\Roaming\npm\node_modules\npm\lib\utils\pulse-till-done.js:20:8
134 silly fetchPackageMetaData     at saved (C:\Users\Kuba\AppData\Roaming\npm\node_modules\npm\lib\cache\caching-client.js:174:7)
134 silly fetchPackageMetaData     at C:\Users\Kuba\AppData\Roaming\npm\node_modules\npm\node_modules\graceful-fs\polyfills.js:253:18
134 silly fetchPackageMetaData     at FSReqWrap.oncomplete (fs.js:123:15) code: 'ETARGET' }
135 http 200 https://registry.npmjs.org/eslint-plugin-react
136 verbose headers { server: 'nginx/1.10.1',
136 verbose headers   'content-type': 'application/json',
136 verbose headers   'last-modified': 'Mon, 30 Jan 2017 21:13:04 GMT',
136 verbose headers   etag: 'W/"588fac60-29f95"',
136 verbose headers   'content-encoding': 'gzip',
136 verbose headers   'cache-control': 'max-age=300',
136 verbose headers   'content-length': '17093',
136 verbose headers   'accept-ranges': 'bytes',
136 verbose headers   date: 'Wed, 01 Feb 2017 18:12:53 GMT',
136 verbose headers   via: '1.1 varnish',
136 verbose headers   age: '268',
136 verbose headers   connection: 'keep-alive',
136 verbose headers   'x-served-by': 'cache-fra1249-FRA',
136 verbose headers   'x-cache': 'HIT',
136 verbose headers   'x-cache-hits': '2',
136 verbose headers   'x-timer': 'S1485972773.586253,VS0,VE0',
136 verbose headers   vary: 'Accept-Encoding' }
137 silly get cb [ 200,
137 silly get   { server: 'nginx/1.10.1',
137 silly get     'content-type': 'application/json',
137 silly get     'last-modified': 'Mon, 30 Jan 2017 21:13:04 GMT',
137 silly get     etag: 'W/"588fac60-29f95"',
137 silly get     'content-encoding': 'gzip',
137 silly get     'cache-control': 'max-age=300',
137 silly get     'content-length': '17093',
137 silly get     'accept-ranges': 'bytes',
137 silly get     date: 'Wed, 01 Feb 2017 18:12:53 GMT',
137 silly get     via: '1.1 varnish',
137 silly get     age: '268',
137 silly get     connection: 'keep-alive',
137 silly get     'x-served-by': 'cache-fra1249-FRA',
137 silly get     'x-cache': 'HIT',
137 silly get     'x-cache-hits': '2',
137 silly get     'x-timer': 'S1485972773.586253,VS0,VE0',
137 silly get     vary: 'Accept-Encoding' } ]
138 verbose get saving eslint-plugin-react to C:\Users\Kuba\AppData\Roaming\npm-cache\registry.npmjs.org\eslint-plugin-react\.cache.json
139 verbose correctMkdir C:\Users\Kuba\AppData\Roaming\npm-cache correctMkdir not in flight; initializing
140 http 200 https://registry.npmjs.org/eslint
141 verbose headers { server: 'nginx/1.10.1',
141 verbose headers   'content-type': 'application/json',
141 verbose headers   'last-modified': 'Wed, 01 Feb 2017 04:53:52 GMT',
141 verbose headers   etag: 'W/"589169e0-66484"',
141 verbose headers   'content-encoding': 'gzip',
141 verbose headers   'cache-control': 'max-age=300',
141 verbose headers   'content-length': '25423',
141 verbose headers   'accept-ranges': 'bytes',
141 verbose headers   date: 'Wed, 01 Feb 2017 18:12:53 GMT',
141 verbose headers   via: '1.1 varnish',
141 verbose headers   age: '278',
141 verbose headers   connection: 'keep-alive',
141 verbose headers   'x-served-by': 'cache-fra1241-FRA',
141 verbose headers   'x-cache': 'HIT',
141 verbose headers   'x-cache-hits': '1',
141 verbose headers   'x-timer': 'S1485972773.583203,VS0,VE0',
141 verbose headers   vary: 'Accept-Encoding' }
142 silly get cb [ 200,
142 silly get   { server: 'nginx/1.10.1',
142 silly get     'content-type': 'application/json',
142 silly get     'last-modified': 'Wed, 01 Feb 2017 04:53:52 GMT',
142 silly get     etag: 'W/"589169e0-66484"',
142 silly get     'content-encoding': 'gzip',
142 silly get     'cache-control': 'max-age=300',
142 silly get     'content-length': '25423',
142 silly get     'accept-ranges': 'bytes',
142 silly get     date: 'Wed, 01 Feb 2017 18:12:53 GMT',
142 silly get     via: '1.1 varnish',
142 silly get     age: '278',
142 silly get     connection: 'keep-alive',
142 silly get     'x-served-by': 'cache-fra1241-FRA',
142 silly get     'x-cache': 'HIT',
142 silly get     'x-cache-hits': '1',
142 silly get     'x-timer': 'S1485972773.583203,VS0,VE0',
142 silly get     vary: 'Accept-Encoding' } ]
143 verbose get saving eslint to C:\Users\Kuba\AppData\Roaming\npm-cache\registry.npmjs.org\eslint\.cache.json
144 verbose correctMkdir C:\Users\Kuba\AppData\Roaming\npm-cache correctMkdir not in flight; initializing
145 silly fetchPackageMetaData Error: No compatible version found: eslint-plugin-react@#.#.#
145 silly fetchPackageMetaData Valid install targets:
145 silly fetchPackageMetaData 6.9.0, 6.8.0, 6.7.1, 6.7.0, 6.6.0, 6.5.0, 6.4.1, 6.4.0, 6.3.0, 6.2.2, 6.2.1, 6.2.0, 6.1.2, 6.1.1, 6.1.0, 6.0.0, 6.0.0-rc.1, 6.0.0-rc.0, 6.0.0-alpha.2, 6.0.0-alpha.1, 5.2.2, 5.2.1, 5.2.0, 5.1.1, 5.1.0, 5.0.1, 5.0.0, 4.3.0, 4.2.3, 4.2.2, 4.2.1, 4.2.0, 4.1.0, 4.0.0, 4.0.0-rc.1, 4.0.0-rc.0, 3.16.1, 3.16.0, 3.15.0, 3.14.0, 3.13.1, 3.13.0, 3.12.0, 3.11.3, 3.11.2, 3.11.1, 3.11.0, 3.10.0, 3.9.0, 3.8.0, 3.7.1, 3.7.0, 3.6.3, 3.6.2, 3.6.1, 3.6.0, 3.5.1, 3.5.0, 3.4.2, 3.4.1, 3.4.0, 3.3.2, 3.3.1, 3.3.0, 3.2.3, 3.2.2, 3.2.1, 3.2.0, 3.1.0, 3.0.0, 2.7.1, 2.7.0, 2.6.4, 2.6.3, 2.6.2, 2.6.1, 2.6.0, 2.5.2, 2.5.1, 2.5.0, 2.4.0, 2.3.0, 2.2.0, 2.1.1, 2.1.0, 2.0.2, 2.0.1, 2.0.0, 1.6.1, 1.6.0, 1.5.0, 1.4.1, 1.4.0, 1.3.0, 1.2.2, 1.2.1, 1.2.0, 1.1.0, 1.0.0
145 silly fetchPackageMetaData
145 silly fetchPackageMetaData     at pickVersionFromRegistryDocument (C:\Users\Kuba\AppData\Roaming\npm\node_modules\npm\lib\fetch-package-metadata.js:178:16)
145 silly fetchPackageMetaData     at C:\Users\Kuba\AppData\Roaming\npm\node_modules\npm\node_modules\iferr\index.js:13:50
145 silly fetchPackageMetaData     at C:\Users\Kuba\AppData\Roaming\npm\node_modules\npm\lib\utils\pulse-till-done.js:20:8
145 silly fetchPackageMetaData     at saved (C:\Users\Kuba\AppData\Roaming\npm\node_modules\npm\lib\cache\caching-client.js:174:7)
145 silly fetchPackageMetaData     at C:\Users\Kuba\AppData\Roaming\npm\node_modules\npm\node_modules\graceful-fs\polyfills.js:253:18
145 silly fetchPackageMetaData     at FSReqWrap.oncomplete (fs.js:123:15)
145 silly fetchPackageMetaData  error for eslint-plugin-react@#.#.# { Error: No compatible version found: eslint-plugin-react@#.#.#
145 silly fetchPackageMetaData Valid install targets:
145 silly fetchPackageMetaData 6.9.0, 6.8.0, 6.7.1, 6.7.0, 6.6.0, 6.5.0, 6.4.1, 6.4.0, 6.3.0, 6.2.2, 6.2.1, 6.2.0, 6.1.2, 6.1.1, 6.1.0, 6.0.0, 6.0.0-rc.1, 6.0.0-rc.0, 6.0.0-alpha.2, 6.0.0-alpha.1, 5.2.2, 5.2.1, 5.2.0, 5.1.1, 5.1.0, 5.0.1, 5.0.0, 4.3.0, 4.2.3, 4.2.2, 4.2.1, 4.2.0, 4.1.0, 4.0.0, 4.0.0-rc.1, 4.0.0-rc.0, 3.16.1, 3.16.0, 3.15.0, 3.14.0, 3.13.1, 3.13.0, 3.12.0, 3.11.3, 3.11.2, 3.11.1, 3.11.0, 3.10.0, 3.9.0, 3.8.0, 3.7.1, 3.7.0, 3.6.3, 3.6.2, 3.6.1, 3.6.0, 3.5.1, 3.5.0, 3.4.2, 3.4.1, 3.4.0, 3.3.2, 3.3.1, 3.3.0, 3.2.3, 3.2.2, 3.2.1, 3.2.0, 3.1.0, 3.0.0, 2.7.1, 2.7.0, 2.6.4, 2.6.3, 2.6.2, 2.6.1, 2.6.0, 2.5.2, 2.5.1, 2.5.0, 2.4.0, 2.3.0, 2.2.0, 2.1.1, 2.1.0, 2.0.2, 2.0.1, 2.0.0, 1.6.1, 1.6.0, 1.5.0, 1.4.1, 1.4.0, 1.3.0, 1.2.2, 1.2.1, 1.2.0, 1.1.0, 1.0.0
145 silly fetchPackageMetaData
145 silly fetchPackageMetaData     at pickVersionFromRegistryDocument (C:\Users\Kuba\AppData\Roaming\npm\node_modules\npm\lib\fetch-package-metadata.js:178:16)
145 silly fetchPackageMetaData     at C:\Users\Kuba\AppData\Roaming\npm\node_modules\npm\node_modules\iferr\index.js:13:50
145 silly fetchPackageMetaData     at C:\Users\Kuba\AppData\Roaming\npm\node_modules\npm\lib\utils\pulse-till-done.js:20:8
145 silly fetchPackageMetaData     at saved (C:\Users\Kuba\AppData\Roaming\npm\node_modules\npm\lib\cache\caching-client.js:174:7)
145 silly fetchPackageMetaData     at C:\Users\Kuba\AppData\Roaming\npm\node_modules\npm\node_modules\graceful-fs\polyfills.js:253:18
145 silly fetchPackageMetaData     at FSReqWrap.oncomplete (fs.js:123:15) code: 'ETARGET' }
146 silly fetchPackageMetaData Error: No compatible version found: eslint@#.#.#
146 silly fetchPackageMetaData Valid install targets:
146 silly fetchPackageMetaData 3.14.1, 3.14.0, 3.13.1, 3.13.0, 3.12.2, 3.12.1, 3.12.0, 3.11.1, 3.11.0, 3.10.2, 3.10.1, 3.10.0, 3.9.1, 3.9.0, 3.8.1, 3.8.0, 3.7.1, 3.7.0, 3.6.1, 3.6.0, 3.5.0, 3.4.0, 3.3.1, 3.3.0, 3.2.2, 3.2.1, 3.2.0, 3.1.1, 3.1.0, 3.0.1, 3.0.0, 2.13.1, 2.13.0, 2.12.0, 2.11.1, 2.11.0, 2.10.2, 2.10.1, 2.10.0, 2.9.0, 2.8.0, 2.7.0, 2.6.0, 2.5.3, 2.5.2, 2.5.1, 2.5.0, 2.4.0, 2.3.0, 2.2.0, 2.1.0, 2.0.0, 2.0.0-rc.1, 2.0.0-rc.0, 2.0.0-beta.3, 2.0.0-beta.2, 2.0.0-beta.1, 2.0.0-alpha-2, 2.0.0-alpha-1, 1.10.3, 1.10.2, 1.10.1, 1.10.0, 1.9.0, 1.8.0, 1.7.3, 1.7.2, 1.7.1, 1.7.0, 1.6.0, 1.5.1, 1.5.0, 1.4.3, 1.4.2, 1.4.1, 1.4.0, 1.3.1, 1.3.0, 1.2.1, 1.2.0, 1.1.0, 1.0.0, 1.0.0-rc-3, 1.0.0-rc-2, 1.0.0-rc-1, 0.24.1, 0.24.0, 0.23.0, 0.22.1, 0.22.0, 0.21.2, 0.21.1, 0.21.0, 0.20.0, 0.19.0, 0.18.0, 0.17.1, 0.17.0, 0.16.2, 0.16.1, 0.16.0, 0.15.1, 0.15.0, 0.14.1, 0.14.0, 0.13.0, 0.12.0, 0.11.0, 0.11.0-alpha.0, 0.10.2, 0.10.1, 0.10.0, 0.10.0-alpha.2, 0.10.0-alpha.1, 0.10.0-alpha, 0.9.2, 0.9.1, 0.9.0, 0.8.2, 0.8.1, 0.8.0, 0.7.4, 0.7.3, 0.7.2, 0.7.1, 0.6.2, 0.6.1, 0.6.0, 0.5.1, 0.5.0, 0.4.5, 0.4.4, 0.4.3, 0.4.2, 0.4.1, 0.4.0, 0.3.0, 0.2.0, 0.1.4, 0.1.3, 0.1.2, 0.1.1, 0.1.0, 0.1.0-dev, 0.0.7, 0.0.6, 0.0.5, 0.0.4
146 silly fetchPackageMetaData
146 silly fetchPackageMetaData     at pickVersionFromRegistryDocument (C:\Users\Kuba\AppData\Roaming\npm\node_modules\npm\lib\fetch-package-metadata.js:178:16)
146 silly fetchPackageMetaData     at C:\Users\Kuba\AppData\Roaming\npm\node_modules\npm\node_modules\iferr\index.js:13:50
146 silly fetchPackageMetaData     at C:\Users\Kuba\AppData\Roaming\npm\node_modules\npm\lib\utils\pulse-till-done.js:20:8
146 silly fetchPackageMetaData     at saved (C:\Users\Kuba\AppData\Roaming\npm\node_modules\npm\lib\cache\caching-client.js:174:7)
146 silly fetchPackageMetaData     at C:\Users\Kuba\AppData\Roaming\npm\node_modules\npm\node_modules\graceful-fs\polyfills.js:253:18
146 silly fetchPackageMetaData     at FSReqWrap.oncomplete (fs.js:123:15)
146 silly fetchPackageMetaData  error for eslint@#.#.# { Error: No compatible version found: eslint@#.#.#
146 silly fetchPackageMetaData Valid install targets:
146 silly fetchPackageMetaData 3.14.1, 3.14.0, 3.13.1, 3.13.0, 3.12.2, 3.12.1, 3.12.0, 3.11.1, 3.11.0, 3.10.2, 3.10.1, 3.10.0, 3.9.1, 3.9.0, 3.8.1, 3.8.0, 3.7.1, 3.7.0, 3.6.1, 3.6.0, 3.5.0, 3.4.0, 3.3.1, 3.3.0, 3.2.2, 3.2.1, 3.2.0, 3.1.1, 3.1.0, 3.0.1, 3.0.0, 2.13.1, 2.13.0, 2.12.0, 2.11.1, 2.11.0, 2.10.2, 2.10.1, 2.10.0, 2.9.0, 2.8.0, 2.7.0, 2.6.0, 2.5.3, 2.5.2, 2.5.1, 2.5.0, 2.4.0, 2.3.0, 2.2.0, 2.1.0, 2.0.0, 2.0.0-rc.1, 2.0.0-rc.0, 2.0.0-beta.3, 2.0.0-beta.2, 2.0.0-beta.1, 2.0.0-alpha-2, 2.0.0-alpha-1, 1.10.3, 1.10.2, 1.10.1, 1.10.0, 1.9.0, 1.8.0, 1.7.3, 1.7.2, 1.7.1, 1.7.0, 1.6.0, 1.5.1, 1.5.0, 1.4.3, 1.4.2, 1.4.1, 1.4.0, 1.3.1, 1.3.0, 1.2.1, 1.2.0, 1.1.0, 1.0.0, 1.0.0-rc-3, 1.0.0-rc-2, 1.0.0-rc-1, 0.24.1, 0.24.0, 0.23.0, 0.22.1, 0.22.0, 0.21.2, 0.21.1, 0.21.0, 0.20.0, 0.19.0, 0.18.0, 0.17.1, 0.17.0, 0.16.2, 0.16.1, 0.16.0, 0.15.1, 0.15.0, 0.14.1, 0.14.0, 0.13.0, 0.12.0, 0.11.0, 0.11.0-alpha.0, 0.10.2, 0.10.1, 0.10.0, 0.10.0-alpha.2, 0.10.0-alpha.1, 0.10.0-alpha, 0.9.2, 0.9.1, 0.9.0, 0.8.2, 0.8.1, 0.8.0, 0.7.4, 0.7.3, 0.7.2, 0.7.1, 0.6.2, 0.6.1, 0.6.0, 0.5.1, 0.5.0, 0.4.5, 0.4.4, 0.4.3, 0.4.2, 0.4.1, 0.4.0, 0.3.0, 0.2.0, 0.1.4, 0.1.3, 0.1.2, 0.1.1, 0.1.0, 0.1.0-dev, 0.0.7, 0.0.6, 0.0.5, 0.0.4
146 silly fetchPackageMetaData
146 silly fetchPackageMetaData     at pickVersionFromRegistryDocument (C:\Users\Kuba\AppData\Roaming\npm\node_modules\npm\lib\fetch-package-metadata.js:178:16)
146 silly fetchPackageMetaData     at C:\Users\Kuba\AppData\Roaming\npm\node_modules\npm\node_modules\iferr\index.js:13:50
146 silly fetchPackageMetaData     at C:\Users\Kuba\AppData\Roaming\npm\node_modules\npm\lib\utils\pulse-till-done.js:20:8
146 silly fetchPackageMetaData     at saved (C:\Users\Kuba\AppData\Roaming\npm\node_modules\npm\lib\cache\caching-client.js:174:7)
146 silly fetchPackageMetaData     at C:\Users\Kuba\AppData\Roaming\npm\node_modules\npm\node_modules\graceful-fs\polyfills.js:253:18
146 silly fetchPackageMetaData     at FSReqWrap.oncomplete (fs.js:123:15) code: 'ETARGET' }
147 silly rollbackFailedOptional Starting
148 silly rollbackFailedOptional Finishing
149 silly runTopLevelLifecycles Finishing
150 silly install printInstalled
151 verbose stack Error: No compatible version found: eslint-plugin-jsx-a11y@#.#.#
151 verbose stack Valid install targets:
151 verbose stack 3.0.2, 3.0.1, 2.2.3, 2.2.2, 2.2.1, 2.2.0, 2.1.0, 2.0.1, 2.0.0, 1.5.5, 1.5.4, 1.5.3, 1.5.2, 1.5.1, 1.5.0, 1.4.2, 1.4.1, 1.4.0, 1.3.0, 1.2.3, 1.2.2, 1.2.1, 1.2.0, 1.1.0, 1.0.4, 1.0.3, 1.0.2, 1.0.1, 1.0.0, 0.6.2, 0.6.1, 0.6.0, 0.5.4, 0.5.3, 0.5.2, 0.5.1, 0.5.0, 0.4.3, 0.4.2, 0.4.1, 0.4.0, 0.3.1, 0.3.0, 0.2.2, 0.2.1, 0.2.0, 0.1.2, 0.1.1, 0.1.0, 0.0.2, 0.0.1
151 verbose stack
151 verbose stack     at pickVersionFromRegistryDocument (C:\Users\Kuba\AppData\Roaming\npm\node_modules\npm\lib\fetch-package-metadata.js:178:16)
151 verbose stack     at C:\Users\Kuba\AppData\Roaming\npm\node_modules\npm\node_modules\iferr\index.js:13:50
151 verbose stack     at C:\Users\Kuba\AppData\Roaming\npm\node_modules\npm\lib\utils\pulse-till-done.js:20:8
151 verbose stack     at saved (C:\Users\Kuba\AppData\Roaming\npm\node_modules\npm\lib\cache\caching-client.js:174:7)
151 verbose stack     at C:\Users\Kuba\AppData\Roaming\npm\node_modules\npm\node_modules\graceful-fs\polyfills.js:253:18
151 verbose stack     at FSReqWrap.oncomplete (fs.js:123:15)
152 verbose cwd E:\Programowanie\meteor\news-app
153 error Windows_NT 6.1.7601
154 error argv "C:\\Programy\\nodejs\\node.exe" "C:\\Users\\Kuba\\AppData\\Roaming\\npm\\node_modules\\npm\\bin\\npm-cli.js" "install" "--save-dev" "eslint-config-airbnb" "eslint@#.#.#" "eslint-plugin-jsx-a11y@#.#.#" "eslint-plugin-import@#.#.#" "eslint-plugin-react@#.#.#"
155 error node v6.9.2
156 error npm  v4.0.2
157 error code ETARGET
158 error notarget No compatible version found: eslint-plugin-jsx-a11y@#.#.#
158 error notarget Valid install targets:
158 error notarget 3.0.2, 3.0.1, 2.2.3, 2.2.2, 2.2.1, 2.2.0, 2.1.0, 2.0.1, 2.0.0, 1.5.5, 1.5.4, 1.5.3, 1.5.2, 1.5.1, 1.5.0, 1.4.2, 1.4.1, 1.4.0, 1.3.0, 1.2.3, 1.2.2, 1.2.1, 1.2.0, 1.1.0, 1.0.4, 1.0.3, 1.0.2, 1.0.1, 1.0.0, 0.6.2, 0.6.1, 0.6.0, 0.5.4, 0.5.3, 0.5.2, 0.5.1, 0.5.0, 0.4.3, 0.4.2, 0.4.1, 0.4.0, 0.3.1, 0.3.0, 0.2.2, 0.2.1, 0.2.0, 0.1.2, 0.1.1, 0.1.0, 0.0.2, 0.0.1
159 error notarget This is most likely not a problem with npm itself.
159 error notarget In most cases you or one of your dependencies are requesting
159 error notarget a package version that doesn't exist.
160 verbose exit [ 1, true ]
